{"D:\\projects\\Node\\MyFirstProject\\index.js": {"path":"D:\\projects\\Node\\MyFirstProject\\index.js","statementMap":{"0":{"start":{"line":1,"column":16},"end":{"line":1,"column":34}},"1":{"start":{"line":2,"column":12},"end":{"line":2,"column":21}},"2":{"start":{"line":3,"column":16},"end":{"line":3,"column":34}},"3":{"start":{"line":4,"column":0},"end":{"line":4,"column":31}},"4":{"start":{"line":5,"column":0},"end":{"line":5,"column":33}},"5":{"start":{"line":6,"column":0},"end":{"line":6,"column":26}},"6":{"start":{"line":7,"column":0},"end":{"line":7,"column":30}},"7":{"start":{"line":9,"column":13},"end":{"line":9,"column":29}},"8":{"start":{"line":10,"column":15},"end":{"line":13,"column":2}},"9":{"start":{"line":12,"column":4},"end":{"line":12,"column":61}},"10":{"start":{"line":15,"column":0},"end":{"line":15,"column":24}}},"fnMap":{"0":{"name":"(anonymous_0)","decl":{"start":{"line":10,"column":32},"end":{"line":10,"column":33}},"loc":{"start":{"line":10,"column":38},"end":{"line":13,"column":1}},"line":10}},"branchMap":{},"s":{"0":1,"1":1,"2":1,"3":1,"4":1,"5":1,"6":1,"7":1,"8":1,"9":1,"10":1},"f":{"0":1},"b":{},"_coverageSchema":"1a1c01bbd47fc00a2c39e90264f33305004495a9","hash":"b774aa410d94688ff272b9543538c22220b176ac"}
,"D:\\projects\\Node\\MyFirstProject\\middleware\\admin.js": {"path":"D:\\projects\\Node\\MyFirstProject\\middleware\\admin.js","statementMap":{"0":{"start":{"line":1,"column":0},"end":{"line":7,"column":1}},"1":{"start":{"line":2,"column":4},"end":{"line":4,"column":5}},"2":{"start":{"line":3,"column":8},"end":{"line":3,"column":59}},"3":{"start":{"line":6,"column":4},"end":{"line":6,"column":11}}},"fnMap":{"0":{"name":"(anonymous_0)","decl":{"start":{"line":1,"column":16},"end":{"line":1,"column":17}},"loc":{"start":{"line":1,"column":38},"end":{"line":7,"column":1}},"line":1}},"branchMap":{"0":{"loc":{"start":{"line":2,"column":4},"end":{"line":4,"column":5}},"type":"if","locations":[{"start":{"line":2,"column":4},"end":{"line":4,"column":5}},{"start":{},"end":{}}],"line":2}},"s":{"0":1,"1":0,"2":0,"3":0},"f":{"0":0},"b":{"0":[0,0]},"_coverageSchema":"1a1c01bbd47fc00a2c39e90264f33305004495a9","hash":"1c00d9504d019c1e165bef275707654a126d0c64"}
,"D:\\projects\\Node\\MyFirstProject\\middleware\\auth.js": {"path":"D:\\projects\\Node\\MyFirstProject\\middleware\\auth.js","statementMap":{"0":{"start":{"line":1,"column":12},"end":{"line":1,"column":35}},"1":{"start":{"line":2,"column":15},"end":{"line":2,"column":32}},"2":{"start":{"line":4,"column":0},"end":{"line":21,"column":1}},"3":{"start":{"line":5,"column":18},"end":{"line":5,"column":44}},"4":{"start":{"line":6,"column":4},"end":{"line":7,"column":86}},"5":{"start":{"line":7,"column":6},"end":{"line":7,"column":86}},"6":{"start":{"line":12,"column":4},"end":{"line":20,"column":5}},"7":{"start":{"line":13,"column":24},"end":{"line":13,"column":70}},"8":{"start":{"line":14,"column":8},"end":{"line":14,"column":27}},"9":{"start":{"line":15,"column":8},"end":{"line":15,"column":15}},"10":{"start":{"line":18,"column":8},"end":{"line":18,"column":54}}},"fnMap":{"0":{"name":"auth","decl":{"start":{"line":4,"column":26},"end":{"line":4,"column":30}},"loc":{"start":{"line":4,"column":46},"end":{"line":21,"column":1}},"line":4}},"branchMap":{"0":{"loc":{"start":{"line":6,"column":4},"end":{"line":7,"column":86}},"type":"if","locations":[{"start":{"line":6,"column":4},"end":{"line":7,"column":86}},{"start":{},"end":{}}],"line":6}},"s":{"0":1,"1":1,"2":1,"3":0,"4":0,"5":0,"6":0,"7":0,"8":0,"9":0,"10":0},"f":{"0":0},"b":{"0":[0,0]},"_coverageSchema":"1a1c01bbd47fc00a2c39e90264f33305004495a9","hash":"3781f7189c15827b50e2ee34047df217f7502cfd"}
,"D:\\projects\\Node\\MyFirstProject\\middleware\\error.js": {"path":"D:\\projects\\Node\\MyFirstProject\\middleware\\error.js","statementMap":{"0":{"start":{"line":1,"column":16},"end":{"line":1,"column":34}},"1":{"start":{"line":3,"column":0},"end":{"line":6,"column":1}},"2":{"start":{"line":4,"column":4},"end":{"line":4,"column":36}},"3":{"start":{"line":5,"column":4},"end":{"line":5,"column":65}}},"fnMap":{"0":{"name":"(anonymous_0)","decl":{"start":{"line":3,"column":17},"end":{"line":3,"column":18}},"loc":{"start":{"line":3,"column":47},"end":{"line":6,"column":1}},"line":3}},"branchMap":{},"s":{"0":1,"1":1,"2":0,"3":0},"f":{"0":0},"b":{},"_coverageSchema":"1a1c01bbd47fc00a2c39e90264f33305004495a9","hash":"a1cdff2ccc73f27e828804562ee52242462af341"}
,"D:\\projects\\Node\\MyFirstProject\\models\\category.js": {"path":"D:\\projects\\Node\\MyFirstProject\\models\\category.js","statementMap":{"0":{"start":{"line":1,"column":17},"end":{"line":1,"column":36}},"1":{"start":{"line":2,"column":12},"end":{"line":2,"column":26}},"2":{"start":{"line":4,"column":23},"end":{"line":11,"column":2}},"3":{"start":{"line":15,"column":19},"end":{"line":17,"column":6}},"4":{"start":{"line":19,"column":4},"end":{"line":19,"column":37}},"5":{"start":{"line":23,"column":17},"end":{"line":23,"column":59}},"6":{"start":{"line":25,"column":0},"end":{"line":25,"column":28}},"7":{"start":{"line":26,"column":0},"end":{"line":26,"column":36}},"8":{"start":{"line":27,"column":0},"end":{"line":27,"column":40}}},"fnMap":{"0":{"name":"validateCategory","decl":{"start":{"line":14,"column":9},"end":{"line":14,"column":25}},"loc":{"start":{"line":14,"column":36},"end":{"line":20,"column":1}},"line":14}},"branchMap":{},"s":{"0":1,"1":1,"2":1,"3":5,"4":5,"5":1,"6":1,"7":1,"8":1},"f":{"0":5},"b":{},"_coverageSchema":"1a1c01bbd47fc00a2c39e90264f33305004495a9","hash":"d880a18ab46ceb00ede112cef1e9466eae7ec70c"}
,"D:\\projects\\Node\\MyFirstProject\\models\\course.js": {"path":"D:\\projects\\Node\\MyFirstProject\\models\\course.js","statementMap":{"0":{"start":{"line":1,"column":17},"end":{"line":1,"column":36}},"1":{"start":{"line":2,"column":12},"end":{"line":2,"column":26}},"2":{"start":{"line":3,"column":27},"end":{"line":3,"column":48}},"3":{"start":{"line":5,"column":15},"end":{"line":29,"column":3}},"4":{"start":{"line":31,"column":17},"end":{"line":43,"column":1}},"5":{"start":{"line":32,"column":17},"end":{"line":40,"column":4}},"6":{"start":{"line":42,"column":2},"end":{"line":42,"column":33}},"7":{"start":{"line":45,"column":0},"end":{"line":48,"column":2}}},"fnMap":{"0":{"name":"(anonymous_0)","decl":{"start":{"line":31,"column":17},"end":{"line":31,"column":18}},"loc":{"start":{"line":31,"column":29},"end":{"line":43,"column":1}},"line":31}},"branchMap":{},"s":{"0":1,"1":1,"2":1,"3":1,"4":1,"5":0,"6":0,"7":1},"f":{"0":0},"b":{},"_coverageSchema":"1a1c01bbd47fc00a2c39e90264f33305004495a9","hash":"830e2fc51aa33c0f53f6d72c04001eaf54fa7055"}
,"D:\\projects\\Node\\MyFirstProject\\models\\customer.js": {"path":"D:\\projects\\Node\\MyFirstProject\\models\\customer.js","statementMap":{"0":{"start":{"line":1,"column":12},"end":{"line":1,"column":26}},"1":{"start":{"line":2,"column":17},"end":{"line":2,"column":36}},"2":{"start":{"line":4,"column":23},"end":{"line":21,"column":2}},"3":{"start":{"line":24,"column":19},"end":{"line":28,"column":6}},"4":{"start":{"line":30,"column":4},"end":{"line":30,"column":37}},"5":{"start":{"line":33,"column":17},"end":{"line":33,"column":59}},"6":{"start":{"line":35,"column":0},"end":{"line":35,"column":28}},"7":{"start":{"line":36,"column":0},"end":{"line":36,"column":36}}},"fnMap":{"0":{"name":"validateCustomer","decl":{"start":{"line":23,"column":9},"end":{"line":23,"column":25}},"loc":{"start":{"line":23,"column":36},"end":{"line":31,"column":1}},"line":23}},"branchMap":{},"s":{"0":1,"1":1,"2":1,"3":0,"4":0,"5":1,"6":1,"7":1},"f":{"0":0},"b":{},"_coverageSchema":"1a1c01bbd47fc00a2c39e90264f33305004495a9","hash":"f5695bb0a7026f0db22375670612560641222ad6"}
,"D:\\projects\\Node\\MyFirstProject\\models\\enrollment.js": {"path":"D:\\projects\\Node\\MyFirstProject\\models\\enrollment.js","statementMap":{"0":{"start":{"line":1,"column":12},"end":{"line":1,"column":26}},"1":{"start":{"line":2,"column":17},"end":{"line":2,"column":36}},"2":{"start":{"line":4,"column":19},"end":{"line":37,"column":3}},"3":{"start":{"line":40,"column":17},"end":{"line":43,"column":4}},"4":{"start":{"line":45,"column":2},"end":{"line":45,"column":37}},"5":{"start":{"line":48,"column":0},"end":{"line":48,"column":32}},"6":{"start":{"line":49,"column":0},"end":{"line":49,"column":38}}},"fnMap":{"0":{"name":"validateEnrollment","decl":{"start":{"line":39,"column":9},"end":{"line":39,"column":27}},"loc":{"start":{"line":39,"column":40},"end":{"line":46,"column":1}},"line":39}},"branchMap":{},"s":{"0":1,"1":1,"2":1,"3":0,"4":0,"5":1,"6":1},"f":{"0":0},"b":{},"_coverageSchema":"1a1c01bbd47fc00a2c39e90264f33305004495a9","hash":"7c9752d055cf2af2a782ad8b72eb40124551ed7f"}
,"D:\\projects\\Node\\MyFirstProject\\models\\user.js": {"path":"D:\\projects\\Node\\MyFirstProject\\models\\user.js","statementMap":{"0":{"start":{"line":1,"column":12},"end":{"line":1,"column":26}},"1":{"start":{"line":2,"column":17},"end":{"line":2,"column":36}},"2":{"start":{"line":3,"column":12},"end":{"line":3,"column":35}},"3":{"start":{"line":4,"column":15},"end":{"line":4,"column":32}},"4":{"start":{"line":6,"column":19},"end":{"line":27,"column":2}},"5":{"start":{"line":29,"column":0},"end":{"line":32,"column":1}},"6":{"start":{"line":30,"column":17},"end":{"line":30,"column":112}},"7":{"start":{"line":31,"column":2},"end":{"line":31,"column":15}},"8":{"start":{"line":34,"column":13},"end":{"line":34,"column":47}},"9":{"start":{"line":37,"column":17},"end":{"line":42,"column":4}},"10":{"start":{"line":44,"column":2},"end":{"line":44,"column":31}},"11":{"start":{"line":47,"column":0},"end":{"line":47,"column":20}},"12":{"start":{"line":48,"column":0},"end":{"line":48,"column":32}}},"fnMap":{"0":{"name":"(anonymous_0)","decl":{"start":{"line":29,"column":39},"end":{"line":29,"column":40}},"loc":{"start":{"line":29,"column":51},"end":{"line":32,"column":1}},"line":29},"1":{"name":"validateUser","decl":{"start":{"line":36,"column":9},"end":{"line":36,"column":21}},"loc":{"start":{"line":36,"column":28},"end":{"line":45,"column":1}},"line":36}},"branchMap":{},"s":{"0":2,"1":2,"2":2,"3":2,"4":2,"5":2,"6":6,"7":6,"8":2,"9":0,"10":0,"11":2,"12":2},"f":{"0":6,"1":0},"b":{},"_coverageSchema":"1a1c01bbd47fc00a2c39e90264f33305004495a9","hash":"68dd8d635b7c472a6bc67db753668debc7ab3cb8"}
,"D:\\projects\\Node\\MyFirstProject\\router\\auth.js": {"path":"D:\\projects\\Node\\MyFirstProject\\router\\auth.js","statementMap":{"0":{"start":{"line":1,"column":17},"end":{"line":1,"column":42}},"1":{"start":{"line":2,"column":16},"end":{"line":2,"column":34}},"2":{"start":{"line":3,"column":15},"end":{"line":3,"column":32}},"3":{"start":{"line":4,"column":12},"end":{"line":4,"column":26}},"4":{"start":{"line":5,"column":15},"end":{"line":5,"column":31}},"5":{"start":{"line":6,"column":10},"end":{"line":6,"column":27}},"6":{"start":{"line":9,"column":0},"end":{"line":25,"column":3}},"7":{"start":{"line":10,"column":20},"end":{"line":10,"column":38}},"8":{"start":{"line":11,"column":2},"end":{"line":12,"column":58}},"9":{"start":{"line":12,"column":4},"end":{"line":12,"column":58}},"10":{"start":{"line":14,"column":13},"end":{"line":14,"column":58}},"11":{"start":{"line":15,"column":2},"end":{"line":16,"column":63}},"12":{"start":{"line":16,"column":4},"end":{"line":16,"column":63}},"13":{"start":{"line":19,"column":25},"end":{"line":19,"column":79}},"14":{"start":{"line":20,"column":1},"end":{"line":21,"column":63}},"15":{"start":{"line":21,"column":4},"end":{"line":21,"column":63}},"16":{"start":{"line":23,"column":15},"end":{"line":23,"column":39}},"17":{"start":{"line":24,"column":1},"end":{"line":24,"column":45}},"18":{"start":{"line":28,"column":19},"end":{"line":31,"column":6}},"19":{"start":{"line":33,"column":4},"end":{"line":33,"column":32}},"20":{"start":{"line":35,"column":0},"end":{"line":35,"column":24}}},"fnMap":{"0":{"name":"(anonymous_0)","decl":{"start":{"line":9,"column":17},"end":{"line":9,"column":18}},"loc":{"start":{"line":9,"column":37},"end":{"line":25,"column":1}},"line":9},"1":{"name":"validate","decl":{"start":{"line":27,"column":9},"end":{"line":27,"column":17}},"loc":{"start":{"line":27,"column":23},"end":{"line":34,"column":3}},"line":27}},"branchMap":{"0":{"loc":{"start":{"line":11,"column":2},"end":{"line":12,"column":58}},"type":"if","locations":[{"start":{"line":11,"column":2},"end":{"line":12,"column":58}},{"start":{},"end":{}}],"line":11},"1":{"loc":{"start":{"line":15,"column":2},"end":{"line":16,"column":63}},"type":"if","locations":[{"start":{"line":15,"column":2},"end":{"line":16,"column":63}},{"start":{},"end":{}}],"line":15},"2":{"loc":{"start":{"line":20,"column":1},"end":{"line":21,"column":63}},"type":"if","locations":[{"start":{"line":20,"column":1},"end":{"line":21,"column":63}},{"start":{},"end":{}}],"line":20}},"s":{"0":1,"1":1,"2":1,"3":1,"4":1,"5":1,"6":1,"7":0,"8":0,"9":0,"10":0,"11":0,"12":0,"13":0,"14":0,"15":0,"16":0,"17":0,"18":0,"19":0,"20":1},"f":{"0":0,"1":0},"b":{"0":[0,0],"1":[0,0],"2":[0,0]},"_coverageSchema":"1a1c01bbd47fc00a2c39e90264f33305004495a9","hash":"cd09ae4900230cf8de67f69faddf9ef4a1b36622"}
,"D:\\projects\\Node\\MyFirstProject\\router\\categories.js": {"path":"D:\\projects\\Node\\MyFirstProject\\router\\categories.js","statementMap":{"0":{"start":{"line":1,"column":16},"end":{"line":1,"column":34}},"1":{"start":{"line":2,"column":15},"end":{"line":2,"column":31}},"2":{"start":{"line":3,"column":31},"end":{"line":3,"column":60}},"3":{"start":{"line":4,"column":13},"end":{"line":4,"column":42}},"4":{"start":{"line":5,"column":14},"end":{"line":5,"column":44}},"5":{"start":{"line":6,"column":17},"end":{"line":6,"column":36}},"6":{"start":{"line":8,"column":0},"end":{"line":15,"column":3}},"7":{"start":{"line":10,"column":21},"end":{"line":10,"column":55}},"8":{"start":{"line":11,"column":2},"end":{"line":13,"column":3}},"9":{"start":{"line":12,"column":4},"end":{"line":12,"column":69}},"10":{"start":{"line":14,"column":2},"end":{"line":14,"column":23}},"11":{"start":{"line":17,"column":0},"end":{"line":27,"column":3}},"12":{"start":{"line":18,"column":20},"end":{"line":18,"column":38}},"13":{"start":{"line":19,"column":2},"end":{"line":19,"column":67}},"14":{"start":{"line":19,"column":13},"end":{"line":19,"column":67}},"15":{"start":{"line":21,"column":17},"end":{"line":23,"column":4}},"16":{"start":{"line":24,"column":2},"end":{"line":24,"column":35}},"17":{"start":{"line":26,"column":2},"end":{"line":26,"column":33}},"18":{"start":{"line":29,"column":0},"end":{"line":38,"column":3}},"19":{"start":{"line":30,"column":2},"end":{"line":32,"column":3}},"20":{"start":{"line":31,"column":4},"end":{"line":31,"column":47}},"21":{"start":{"line":33,"column":17},"end":{"line":33,"column":55}},"22":{"start":{"line":34,"column":2},"end":{"line":35,"column":78}},"23":{"start":{"line":35,"column":4},"end":{"line":35,"column":78}},"24":{"start":{"line":37,"column":2},"end":{"line":37,"column":21}},"25":{"start":{"line":40,"column":0},"end":{"line":56,"column":3}},"26":{"start":{"line":41,"column":20},"end":{"line":41,"column":38}},"27":{"start":{"line":42,"column":2},"end":{"line":42,"column":67}},"28":{"start":{"line":42,"column":13},"end":{"line":42,"column":67}},"29":{"start":{"line":44,"column":17},"end":{"line":50,"column":3}},"30":{"start":{"line":52,"column":2},"end":{"line":53,"column":78}},"31":{"start":{"line":53,"column":4},"end":{"line":53,"column":78}},"32":{"start":{"line":55,"column":2},"end":{"line":55,"column":21}},"33":{"start":{"line":58,"column":0},"end":{"line":64,"column":3}},"34":{"start":{"line":59,"column":17},"end":{"line":59,"column":64}},"35":{"start":{"line":60,"column":2},"end":{"line":61,"column":78}},"36":{"start":{"line":61,"column":4},"end":{"line":61,"column":78}},"37":{"start":{"line":63,"column":2},"end":{"line":63,"column":21}},"38":{"start":{"line":66,"column":0},"end":{"line":66,"column":24}}},"fnMap":{"0":{"name":"(anonymous_0)","decl":{"start":{"line":8,"column":16},"end":{"line":8,"column":17}},"loc":{"start":{"line":8,"column":36},"end":{"line":15,"column":1}},"line":8},"1":{"name":"(anonymous_1)","decl":{"start":{"line":17,"column":17},"end":{"line":17,"column":18}},"loc":{"start":{"line":17,"column":37},"end":{"line":27,"column":1}},"line":17},"2":{"name":"(anonymous_2)","decl":{"start":{"line":29,"column":19},"end":{"line":29,"column":20}},"loc":{"start":{"line":29,"column":39},"end":{"line":38,"column":1}},"line":29},"3":{"name":"(anonymous_3)","decl":{"start":{"line":40,"column":25},"end":{"line":40,"column":26}},"loc":{"start":{"line":40,"column":45},"end":{"line":56,"column":1}},"line":40},"4":{"name":"(anonymous_4)","decl":{"start":{"line":58,"column":37},"end":{"line":58,"column":38}},"loc":{"start":{"line":58,"column":57},"end":{"line":64,"column":1}},"line":58}},"branchMap":{"0":{"loc":{"start":{"line":11,"column":2},"end":{"line":13,"column":3}},"type":"if","locations":[{"start":{"line":11,"column":2},"end":{"line":13,"column":3}},{"start":{},"end":{}}],"line":11},"1":{"loc":{"start":{"line":19,"column":2},"end":{"line":19,"column":67}},"type":"if","locations":[{"start":{"line":19,"column":2},"end":{"line":19,"column":67}},{"start":{},"end":{}}],"line":19},"2":{"loc":{"start":{"line":30,"column":2},"end":{"line":32,"column":3}},"type":"if","locations":[{"start":{"line":30,"column":2},"end":{"line":32,"column":3}},{"start":{},"end":{}}],"line":30},"3":{"loc":{"start":{"line":34,"column":2},"end":{"line":35,"column":78}},"type":"if","locations":[{"start":{"line":34,"column":2},"end":{"line":35,"column":78}},{"start":{},"end":{}}],"line":34},"4":{"loc":{"start":{"line":42,"column":2},"end":{"line":42,"column":67}},"type":"if","locations":[{"start":{"line":42,"column":2},"end":{"line":42,"column":67}},{"start":{},"end":{}}],"line":42},"5":{"loc":{"start":{"line":52,"column":2},"end":{"line":53,"column":78}},"type":"if","locations":[{"start":{"line":52,"column":2},"end":{"line":53,"column":78}},{"start":{},"end":{}}],"line":52},"6":{"loc":{"start":{"line":60,"column":2},"end":{"line":61,"column":78}},"type":"if","locations":[{"start":{"line":60,"column":2},"end":{"line":61,"column":78}},{"start":{},"end":{}}],"line":60}},"s":{"0":1,"1":1,"2":1,"3":1,"4":1,"5":1,"6":1,"7":1,"8":1,"9":0,"10":1,"11":1,"12":5,"13":5,"14":5,"15":0,"16":0,"17":0,"18":1,"19":3,"20":1,"21":2,"22":2,"23":1,"24":1,"25":1,"26":0,"27":0,"28":0,"29":0,"30":0,"31":0,"32":0,"33":1,"34":0,"35":0,"36":0,"37":0,"38":1},"f":{"0":1,"1":5,"2":3,"3":0,"4":0},"b":{"0":[0,1],"1":[5,0],"2":[1,2],"3":[1,1],"4":[0,0],"5":[0,0],"6":[0,0]},"_coverageSchema":"1a1c01bbd47fc00a2c39e90264f33305004495a9","hash":"de9ec74739eba399129a020fda4d4b3136293e0c"}
,"D:\\projects\\Node\\MyFirstProject\\router\\courses.js": {"path":"D:\\projects\\Node\\MyFirstProject\\router\\courses.js","statementMap":{"0":{"start":{"line":1,"column":27},"end":{"line":1,"column":54}},"1":{"start":{"line":2,"column":19},"end":{"line":2,"column":48}},"2":{"start":{"line":3,"column":17},"end":{"line":3,"column":36}},"3":{"start":{"line":4,"column":16},"end":{"line":4,"column":34}},"4":{"start":{"line":5,"column":15},"end":{"line":5,"column":31}},"5":{"start":{"line":7,"column":0},"end":{"line":10,"column":3}},"6":{"start":{"line":8,"column":18},"end":{"line":8,"column":51}},"7":{"start":{"line":9,"column":2},"end":{"line":9,"column":20}},"8":{"start":{"line":12,"column":0},"end":{"line":37,"column":3}},"9":{"start":{"line":17,"column":19},"end":{"line":17,"column":63}},"10":{"start":{"line":23,"column":16},"end":{"line":32,"column":4}},"11":{"start":{"line":33,"column":2},"end":{"line":33,"column":22}},"12":{"start":{"line":36,"column":2},"end":{"line":36,"column":19}},"13":{"start":{"line":39,"column":0},"end":{"line":63,"column":3}},"14":{"start":{"line":40,"column":20},"end":{"line":40,"column":38}},"15":{"start":{"line":41,"column":2},"end":{"line":41,"column":67}},"16":{"start":{"line":41,"column":13},"end":{"line":41,"column":67}},"17":{"start":{"line":43,"column":19},"end":{"line":43,"column":63}},"18":{"start":{"line":44,"column":2},"end":{"line":45,"column":80}},"19":{"start":{"line":45,"column":4},"end":{"line":45,"column":80}},"20":{"start":{"line":47,"column":17},"end":{"line":57,"column":21}},"21":{"start":{"line":59,"column":2},"end":{"line":60,"column":79}},"22":{"start":{"line":60,"column":4},"end":{"line":60,"column":79}},"23":{"start":{"line":62,"column":2},"end":{"line":62,"column":19}},"24":{"start":{"line":65,"column":0},"end":{"line":71,"column":3}},"25":{"start":{"line":66,"column":17},"end":{"line":66,"column":62}},"26":{"start":{"line":67,"column":2},"end":{"line":68,"column":79}},"27":{"start":{"line":68,"column":4},"end":{"line":68,"column":79}},"28":{"start":{"line":70,"column":2},"end":{"line":70,"column":19}},"29":{"start":{"line":73,"column":0},"end":{"line":79,"column":3}},"30":{"start":{"line":74,"column":17},"end":{"line":74,"column":53}},"31":{"start":{"line":75,"column":2},"end":{"line":76,"column":79}},"32":{"start":{"line":76,"column":4},"end":{"line":76,"column":79}},"33":{"start":{"line":78,"column":2},"end":{"line":78,"column":19}},"34":{"start":{"line":81,"column":0},"end":{"line":81,"column":24}}},"fnMap":{"0":{"name":"(anonymous_0)","decl":{"start":{"line":7,"column":16},"end":{"line":7,"column":17}},"loc":{"start":{"line":7,"column":36},"end":{"line":10,"column":1}},"line":7},"1":{"name":"(anonymous_1)","decl":{"start":{"line":12,"column":17},"end":{"line":12,"column":18}},"loc":{"start":{"line":12,"column":37},"end":{"line":37,"column":1}},"line":12},"2":{"name":"(anonymous_2)","decl":{"start":{"line":39,"column":19},"end":{"line":39,"column":20}},"loc":{"start":{"line":39,"column":39},"end":{"line":63,"column":1}},"line":39},"3":{"name":"(anonymous_3)","decl":{"start":{"line":65,"column":22},"end":{"line":65,"column":23}},"loc":{"start":{"line":65,"column":42},"end":{"line":71,"column":1}},"line":65},"4":{"name":"(anonymous_4)","decl":{"start":{"line":73,"column":19},"end":{"line":73,"column":20}},"loc":{"start":{"line":73,"column":39},"end":{"line":79,"column":1}},"line":73}},"branchMap":{"0":{"loc":{"start":{"line":41,"column":2},"end":{"line":41,"column":67}},"type":"if","locations":[{"start":{"line":41,"column":2},"end":{"line":41,"column":67}},{"start":{},"end":{}}],"line":41},"1":{"loc":{"start":{"line":44,"column":2},"end":{"line":45,"column":80}},"type":"if","locations":[{"start":{"line":44,"column":2},"end":{"line":45,"column":80}},{"start":{},"end":{}}],"line":44},"2":{"loc":{"start":{"line":59,"column":2},"end":{"line":60,"column":79}},"type":"if","locations":[{"start":{"line":59,"column":2},"end":{"line":60,"column":79}},{"start":{},"end":{}}],"line":59},"3":{"loc":{"start":{"line":67,"column":2},"end":{"line":68,"column":79}},"type":"if","locations":[{"start":{"line":67,"column":2},"end":{"line":68,"column":79}},{"start":{},"end":{}}],"line":67},"4":{"loc":{"start":{"line":75,"column":2},"end":{"line":76,"column":79}},"type":"if","locations":[{"start":{"line":75,"column":2},"end":{"line":76,"column":79}},{"start":{},"end":{}}],"line":75}},"s":{"0":1,"1":1,"2":1,"3":1,"4":1,"5":1,"6":0,"7":0,"8":1,"9":0,"10":0,"11":0,"12":0,"13":1,"14":0,"15":0,"16":0,"17":0,"18":0,"19":0,"20":0,"21":0,"22":0,"23":0,"24":1,"25":0,"26":0,"27":0,"28":0,"29":1,"30":0,"31":0,"32":0,"33":0,"34":1},"f":{"0":0,"1":0,"2":0,"3":0,"4":0},"b":{"0":[0,0],"1":[0,0],"2":[0,0],"3":[0,0],"4":[0,0]},"_coverageSchema":"1a1c01bbd47fc00a2c39e90264f33305004495a9","hash":"86caae0673c0a75cfb63080c6a08f2ba5dd16041"}
,"D:\\projects\\Node\\MyFirstProject\\router\\customers.js": {"path":"D:\\projects\\Node\\MyFirstProject\\router\\customers.js","statementMap":{"0":{"start":{"line":1,"column":16},"end":{"line":1,"column":34}},"1":{"start":{"line":2,"column":15},"end":{"line":2,"column":31}},"2":{"start":{"line":3,"column":31},"end":{"line":3,"column":60}},"3":{"start":{"line":5,"column":0},"end":{"line":8,"column":3}},"4":{"start":{"line":6,"column":22},"end":{"line":6,"column":56}},"5":{"start":{"line":7,"column":4},"end":{"line":7,"column":24}},"6":{"start":{"line":10,"column":0},"end":{"line":23,"column":3}},"7":{"start":{"line":11,"column":22},"end":{"line":11,"column":40}},"8":{"start":{"line":12,"column":4},"end":{"line":13,"column":62}},"9":{"start":{"line":13,"column":8},"end":{"line":13,"column":62}},"10":{"start":{"line":15,"column":19},"end":{"line":19,"column":6}},"11":{"start":{"line":20,"column":4},"end":{"line":20,"column":37}},"12":{"start":{"line":22,"column":4},"end":{"line":22,"column":35}},"13":{"start":{"line":25,"column":0},"end":{"line":31,"column":3}},"14":{"start":{"line":26,"column":19},"end":{"line":26,"column":57}},"15":{"start":{"line":27,"column":4},"end":{"line":28,"column":83}},"16":{"start":{"line":28,"column":8},"end":{"line":28,"column":83}},"17":{"start":{"line":30,"column":4},"end":{"line":30,"column":23}},"18":{"start":{"line":33,"column":0},"end":{"line":46,"column":3}},"19":{"start":{"line":34,"column":22},"end":{"line":34,"column":40}},"20":{"start":{"line":35,"column":4},"end":{"line":36,"column":62}},"21":{"start":{"line":36,"column":8},"end":{"line":36,"column":62}},"22":{"start":{"line":38,"column":19},"end":{"line":40,"column":6}},"23":{"start":{"line":42,"column":4},"end":{"line":43,"column":83}},"24":{"start":{"line":43,"column":8},"end":{"line":43,"column":83}},"25":{"start":{"line":45,"column":4},"end":{"line":45,"column":23}},"26":{"start":{"line":48,"column":0},"end":{"line":54,"column":3}},"27":{"start":{"line":49,"column":19},"end":{"line":49,"column":66}},"28":{"start":{"line":50,"column":4},"end":{"line":51,"column":83}},"29":{"start":{"line":51,"column":8},"end":{"line":51,"column":83}},"30":{"start":{"line":53,"column":4},"end":{"line":53,"column":23}},"31":{"start":{"line":57,"column":0},"end":{"line":57,"column":24}}},"fnMap":{"0":{"name":"(anonymous_0)","decl":{"start":{"line":5,"column":16},"end":{"line":5,"column":17}},"loc":{"start":{"line":5,"column":36},"end":{"line":8,"column":1}},"line":5},"1":{"name":"(anonymous_1)","decl":{"start":{"line":10,"column":17},"end":{"line":10,"column":18}},"loc":{"start":{"line":10,"column":37},"end":{"line":23,"column":1}},"line":10},"2":{"name":"(anonymous_2)","decl":{"start":{"line":25,"column":19},"end":{"line":25,"column":20}},"loc":{"start":{"line":25,"column":39},"end":{"line":31,"column":1}},"line":25},"3":{"name":"(anonymous_3)","decl":{"start":{"line":33,"column":19},"end":{"line":33,"column":20}},"loc":{"start":{"line":33,"column":39},"end":{"line":46,"column":1}},"line":33},"4":{"name":"(anonymous_4)","decl":{"start":{"line":48,"column":22},"end":{"line":48,"column":23}},"loc":{"start":{"line":48,"column":42},"end":{"line":54,"column":1}},"line":48}},"branchMap":{"0":{"loc":{"start":{"line":12,"column":4},"end":{"line":13,"column":62}},"type":"if","locations":[{"start":{"line":12,"column":4},"end":{"line":13,"column":62}},{"start":{},"end":{}}],"line":12},"1":{"loc":{"start":{"line":27,"column":4},"end":{"line":28,"column":83}},"type":"if","locations":[{"start":{"line":27,"column":4},"end":{"line":28,"column":83}},{"start":{},"end":{}}],"line":27},"2":{"loc":{"start":{"line":35,"column":4},"end":{"line":36,"column":62}},"type":"if","locations":[{"start":{"line":35,"column":4},"end":{"line":36,"column":62}},{"start":{},"end":{}}],"line":35},"3":{"loc":{"start":{"line":42,"column":4},"end":{"line":43,"column":83}},"type":"if","locations":[{"start":{"line":42,"column":4},"end":{"line":43,"column":83}},{"start":{},"end":{}}],"line":42},"4":{"loc":{"start":{"line":50,"column":4},"end":{"line":51,"column":83}},"type":"if","locations":[{"start":{"line":50,"column":4},"end":{"line":51,"column":83}},{"start":{},"end":{}}],"line":50}},"s":{"0":1,"1":1,"2":1,"3":1,"4":0,"5":0,"6":1,"7":0,"8":0,"9":0,"10":0,"11":0,"12":0,"13":1,"14":0,"15":0,"16":0,"17":0,"18":1,"19":0,"20":0,"21":0,"22":0,"23":0,"24":0,"25":0,"26":1,"27":0,"28":0,"29":0,"30":0,"31":1},"f":{"0":0,"1":0,"2":0,"3":0,"4":0},"b":{"0":[0,0],"1":[0,0],"2":[0,0],"3":[0,0],"4":[0,0]},"_coverageSchema":"1a1c01bbd47fc00a2c39e90264f33305004495a9","hash":"655c11d004bfff926d01022f651edafef4340810"}
,"D:\\projects\\Node\\MyFirstProject\\router\\enrollments.js": {"path":"D:\\projects\\Node\\MyFirstProject\\router\\enrollments.js","statementMap":{"0":{"start":{"line":1,"column":33},"end":{"line":1,"column":64}},"1":{"start":{"line":2,"column":19},"end":{"line":2,"column":46}},"2":{"start":{"line":3,"column":21},"end":{"line":3,"column":50}},"3":{"start":{"line":4,"column":17},"end":{"line":4,"column":36}},"4":{"start":{"line":5,"column":16},"end":{"line":5,"column":34}},"5":{"start":{"line":6,"column":15},"end":{"line":6,"column":31}},"6":{"start":{"line":8,"column":0},"end":{"line":11,"column":3}},"7":{"start":{"line":9,"column":22},"end":{"line":9,"column":64}},"8":{"start":{"line":10,"column":2},"end":{"line":10,"column":24}},"9":{"start":{"line":13,"column":0},"end":{"line":46,"column":3}},"10":{"start":{"line":14,"column":20},"end":{"line":14,"column":38}},"11":{"start":{"line":15,"column":2},"end":{"line":16,"column":58}},"12":{"start":{"line":16,"column":4},"end":{"line":16,"column":58}},"13":{"start":{"line":18,"column":19},"end":{"line":18,"column":63}},"14":{"start":{"line":19,"column":2},"end":{"line":20,"column":79}},"15":{"start":{"line":20,"column":4},"end":{"line":20,"column":79}},"16":{"start":{"line":22,"column":17},"end":{"line":22,"column":57}},"17":{"start":{"line":23,"column":2},"end":{"line":24,"column":79}},"18":{"start":{"line":24,"column":4},"end":{"line":24,"column":79}},"19":{"start":{"line":26,"column":19},"end":{"line":36,"column":4}},"20":{"start":{"line":37,"column":2},"end":{"line":38,"column":59}},"21":{"start":{"line":38,"column":4},"end":{"line":38,"column":59}},"22":{"start":{"line":40,"column":2},"end":{"line":40,"column":39}},"23":{"start":{"line":42,"column":2},"end":{"line":42,"column":25}},"24":{"start":{"line":43,"column":2},"end":{"line":43,"column":18}},"25":{"start":{"line":45,"column":2},"end":{"line":45,"column":23}},"26":{"start":{"line":48,"column":0},"end":{"line":55,"column":3}},"27":{"start":{"line":49,"column":21},"end":{"line":49,"column":61}},"28":{"start":{"line":51,"column":2},"end":{"line":52,"column":80}},"29":{"start":{"line":52,"column":4},"end":{"line":52,"column":80}},"30":{"start":{"line":54,"column":2},"end":{"line":54,"column":23}},"31":{"start":{"line":57,"column":0},"end":{"line":57,"column":24}}},"fnMap":{"0":{"name":"(anonymous_0)","decl":{"start":{"line":8,"column":16},"end":{"line":8,"column":17}},"loc":{"start":{"line":8,"column":36},"end":{"line":11,"column":1}},"line":8},"1":{"name":"(anonymous_1)","decl":{"start":{"line":13,"column":17},"end":{"line":13,"column":18}},"loc":{"start":{"line":13,"column":37},"end":{"line":46,"column":1}},"line":13},"2":{"name":"(anonymous_2)","decl":{"start":{"line":48,"column":19},"end":{"line":48,"column":20}},"loc":{"start":{"line":48,"column":39},"end":{"line":55,"column":1}},"line":48}},"branchMap":{"0":{"loc":{"start":{"line":15,"column":2},"end":{"line":16,"column":58}},"type":"if","locations":[{"start":{"line":15,"column":2},"end":{"line":16,"column":58}},{"start":{},"end":{}}],"line":15},"1":{"loc":{"start":{"line":19,"column":2},"end":{"line":20,"column":79}},"type":"if","locations":[{"start":{"line":19,"column":2},"end":{"line":20,"column":79}},{"start":{},"end":{}}],"line":19},"2":{"loc":{"start":{"line":23,"column":2},"end":{"line":24,"column":79}},"type":"if","locations":[{"start":{"line":23,"column":2},"end":{"line":24,"column":79}},{"start":{},"end":{}}],"line":23},"3":{"loc":{"start":{"line":37,"column":2},"end":{"line":38,"column":59}},"type":"if","locations":[{"start":{"line":37,"column":2},"end":{"line":38,"column":59}},{"start":{},"end":{}}],"line":37},"4":{"loc":{"start":{"line":51,"column":2},"end":{"line":52,"column":80}},"type":"if","locations":[{"start":{"line":51,"column":2},"end":{"line":52,"column":80}},{"start":{},"end":{}}],"line":51}},"s":{"0":1,"1":1,"2":1,"3":1,"4":1,"5":1,"6":1,"7":0,"8":0,"9":1,"10":0,"11":0,"12":0,"13":0,"14":0,"15":0,"16":0,"17":0,"18":0,"19":0,"20":0,"21":0,"22":0,"23":0,"24":0,"25":0,"26":1,"27":0,"28":0,"29":0,"30":0,"31":1},"f":{"0":0,"1":0,"2":0},"b":{"0":[0,0],"1":[0,0],"2":[0,0],"3":[0,0],"4":[0,0]},"_coverageSchema":"1a1c01bbd47fc00a2c39e90264f33305004495a9","hash":"f9d8df0093ee23429e941f28a5d17d6accd16068"}
,"D:\\projects\\Node\\MyFirstProject\\router\\users.js": {"path":"D:\\projects\\Node\\MyFirstProject\\router\\users.js","statementMap":{"0":{"start":{"line":1,"column":27},"end":{"line":1,"column":52}},"1":{"start":{"line":2,"column":16},"end":{"line":2,"column":34}},"2":{"start":{"line":3,"column":15},"end":{"line":3,"column":32}},"3":{"start":{"line":4,"column":15},"end":{"line":4,"column":31}},"4":{"start":{"line":5,"column":10},"end":{"line":5,"column":27}},"5":{"start":{"line":6,"column":13},"end":{"line":6,"column":42}},"6":{"start":{"line":8,"column":0},"end":{"line":13,"column":3}},"7":{"start":{"line":9,"column":2},"end":{"line":9,"column":23}},"8":{"start":{"line":10,"column":15},"end":{"line":10,"column":68}},"9":{"start":{"line":11,"column":2},"end":{"line":11,"column":23}},"10":{"start":{"line":12,"column":2},"end":{"line":12,"column":17}},"11":{"start":{"line":15,"column":0},"end":{"line":29,"column":3}},"12":{"start":{"line":16,"column":20},"end":{"line":16,"column":38}},"13":{"start":{"line":17,"column":2},"end":{"line":18,"column":58}},"14":{"start":{"line":18,"column":4},"end":{"line":18,"column":58}},"15":{"start":{"line":20,"column":13},"end":{"line":20,"column":58}},"16":{"start":{"line":21,"column":2},"end":{"line":22,"column":65}},"17":{"start":{"line":22,"column":4},"end":{"line":22,"column":65}},"18":{"start":{"line":24,"column":2},"end":{"line":24,"column":77}},"19":{"start":{"line":25,"column":15},"end":{"line":25,"column":37}},"20":{"start":{"line":26,"column":2},"end":{"line":26,"column":56}},"21":{"start":{"line":27,"column":2},"end":{"line":27,"column":20}},"22":{"start":{"line":28,"column":2},"end":{"line":28,"column":62}},"23":{"start":{"line":31,"column":0},"end":{"line":31,"column":24}}},"fnMap":{"0":{"name":"(anonymous_0)","decl":{"start":{"line":8,"column":24},"end":{"line":8,"column":25}},"loc":{"start":{"line":8,"column":43},"end":{"line":13,"column":1}},"line":8},"1":{"name":"(anonymous_1)","decl":{"start":{"line":15,"column":17},"end":{"line":15,"column":18}},"loc":{"start":{"line":15,"column":37},"end":{"line":29,"column":1}},"line":15}},"branchMap":{"0":{"loc":{"start":{"line":17,"column":2},"end":{"line":18,"column":58}},"type":"if","locations":[{"start":{"line":17,"column":2},"end":{"line":18,"column":58}},{"start":{},"end":{}}],"line":17},"1":{"loc":{"start":{"line":21,"column":2},"end":{"line":22,"column":65}},"type":"if","locations":[{"start":{"line":21,"column":2},"end":{"line":22,"column":65}},{"start":{},"end":{}}],"line":21}},"s":{"0":1,"1":1,"2":1,"3":1,"4":1,"5":1,"6":1,"7":0,"8":0,"9":0,"10":0,"11":1,"12":0,"13":0,"14":0,"15":0,"16":0,"17":0,"18":0,"19":0,"20":0,"21":0,"22":0,"23":1},"f":{"0":0,"1":0},"b":{"0":[0,0],"1":[0,0]},"_coverageSchema":"1a1c01bbd47fc00a2c39e90264f33305004495a9","hash":"a0dbad756366b7c4b591e321b006dc8f98da15af"}
,"D:\\projects\\Node\\MyFirstProject\\startup\\config.js": {"path":"D:\\projects\\Node\\MyFirstProject\\startup\\config.js","statementMap":{"0":{"start":{"line":1,"column":0},"end":{"line":1,"column":27}},"1":{"start":{"line":2,"column":15},"end":{"line":2,"column":32}},"2":{"start":{"line":4,"column":0},"end":{"line":10,"column":2}},"3":{"start":{"line":6,"column":2},"end":{"line":9,"column":3}},"4":{"start":{"line":7,"column":4},"end":{"line":7,"column":97}}},"fnMap":{"0":{"name":"(anonymous_0)","decl":{"start":{"line":4,"column":17},"end":{"line":4,"column":18}},"loc":{"start":{"line":4,"column":29},"end":{"line":10,"column":1}},"line":4}},"branchMap":{"0":{"loc":{"start":{"line":6,"column":2},"end":{"line":9,"column":3}},"type":"if","locations":[{"start":{"line":6,"column":2},"end":{"line":9,"column":3}},{"start":{},"end":{}}],"line":6}},"s":{"0":1,"1":1,"2":1,"3":1,"4":0},"f":{"0":1},"b":{"0":[0,1]},"_coverageSchema":"1a1c01bbd47fc00a2c39e90264f33305004495a9","hash":"6fa99ccd76f769a11a5cfd2648f59ed35b993d5f"}
,"D:\\projects\\Node\\MyFirstProject\\startup\\db.js": {"path":"D:\\projects\\Node\\MyFirstProject\\startup\\db.js","statementMap":{"0":{"start":{"line":1,"column":19},"end":{"line":1,"column":38}},"1":{"start":{"line":2,"column":16},"end":{"line":2,"column":34}},"2":{"start":{"line":3,"column":15},"end":{"line":3,"column":32}},"3":{"start":{"line":5,"column":0},"end":{"line":11,"column":2}},"4":{"start":{"line":6,"column":2},"end":{"line":10,"column":6}},"5":{"start":{"line":9,"column":6},"end":{"line":9,"column":55}}},"fnMap":{"0":{"name":"(anonymous_0)","decl":{"start":{"line":5,"column":17},"end":{"line":5,"column":18}},"loc":{"start":{"line":5,"column":29},"end":{"line":11,"column":1}},"line":5},"1":{"name":"(anonymous_1)","decl":{"start":{"line":8,"column":10},"end":{"line":8,"column":11}},"loc":{"start":{"line":8,"column":16},"end":{"line":10,"column":5}},"line":8}},"branchMap":{},"s":{"0":1,"1":1,"2":1,"3":1,"4":1,"5":1},"f":{"0":1,"1":1},"b":{},"_coverageSchema":"1a1c01bbd47fc00a2c39e90264f33305004495a9","hash":"ca04207618cf1e8b002861026819c2f418b30eb2"}
,"D:\\projects\\Node\\MyFirstProject\\startup\\logging.js": {"path":"D:\\projects\\Node\\MyFirstProject\\startup\\logging.js","statementMap":{"0":{"start":{"line":1,"column":16},"end":{"line":1,"column":34}},"1":{"start":{"line":2,"column":0},"end":{"line":2,"column":27}},"2":{"start":{"line":3,"column":0},"end":{"line":3,"column":32}},"3":{"start":{"line":5,"column":0},"end":{"line":25,"column":2}},"4":{"start":{"line":6,"column":2},"end":{"line":6,"column":48}},"5":{"start":{"line":7,"column":2},"end":{"line":7,"column":77}},"6":{"start":{"line":8,"column":2},"end":{"line":12,"column":4}},"7":{"start":{"line":13,"column":2},"end":{"line":15,"column":4}},"8":{"start":{"line":22,"column":2},"end":{"line":24,"column":5}},"9":{"start":{"line":23,"column":4},"end":{"line":23,"column":13}}},"fnMap":{"0":{"name":"(anonymous_0)","decl":{"start":{"line":5,"column":17},"end":{"line":5,"column":18}},"loc":{"start":{"line":5,"column":29},"end":{"line":25,"column":1}},"line":5},"1":{"name":"(anonymous_1)","decl":{"start":{"line":22,"column":35},"end":{"line":22,"column":36}},"loc":{"start":{"line":22,"column":43},"end":{"line":24,"column":3}},"line":22}},"branchMap":{},"s":{"0":1,"1":1,"2":1,"3":1,"4":1,"5":1,"6":1,"7":1,"8":1,"9":0},"f":{"0":1,"1":0},"b":{},"_coverageSchema":"1a1c01bbd47fc00a2c39e90264f33305004495a9","hash":"0be7a9bcc6b330079d1507db1bba1db369cde855"}
,"D:\\projects\\Node\\MyFirstProject\\startup\\rautes.js": {"path":"D:\\projects\\Node\\MyFirstProject\\startup\\rautes.js","statementMap":{"0":{"start":{"line":1,"column":16},"end":{"line":1,"column":34}},"1":{"start":{"line":2,"column":24},"end":{"line":2,"column":54}},"2":{"start":{"line":3,"column":25},"end":{"line":3,"column":56}},"3":{"start":{"line":4,"column":24},"end":{"line":4,"column":54}},"4":{"start":{"line":5,"column":23},"end":{"line":5,"column":51}},"5":{"start":{"line":6,"column":26},"end":{"line":6,"column":58}},"6":{"start":{"line":7,"column":19},"end":{"line":7,"column":45}},"7":{"start":{"line":8,"column":18},"end":{"line":8,"column":43}},"8":{"start":{"line":9,"column":0},"end":{"line":18,"column":2}},"9":{"start":{"line":10,"column":2},"end":{"line":10,"column":26}},"10":{"start":{"line":11,"column":2},"end":{"line":11,"column":47}},"11":{"start":{"line":12,"column":2},"end":{"line":12,"column":45}},"12":{"start":{"line":13,"column":2},"end":{"line":13,"column":41}},"13":{"start":{"line":14,"column":2},"end":{"line":14,"column":49}},"14":{"start":{"line":15,"column":2},"end":{"line":15,"column":36}},"15":{"start":{"line":16,"column":2},"end":{"line":16,"column":34}},"16":{"start":{"line":17,"column":2},"end":{"line":17,"column":27}}},"fnMap":{"0":{"name":"(anonymous_0)","decl":{"start":{"line":9,"column":17},"end":{"line":9,"column":18}},"loc":{"start":{"line":9,"column":32},"end":{"line":18,"column":1}},"line":9}},"branchMap":{},"s":{"0":1,"1":1,"2":1,"3":1,"4":1,"5":1,"6":1,"7":1,"8":1,"9":1,"10":1,"11":1,"12":1,"13":1,"14":1,"15":1,"16":1},"f":{"0":1},"b":{},"_coverageSchema":"1a1c01bbd47fc00a2c39e90264f33305004495a9","hash":"5463fcb36f1537e3e7f840f31c771dfbf1ffa8a9"}
}
