TN:
SF:index.js
FN:10,(anonymous_0)
FNF:1
FNH:1
FNDA:1,(anonymous_0)
DA:1,1
DA:2,1
DA:3,1
DA:4,1
DA:5,1
DA:6,1
DA:7,1
DA:9,1
DA:10,1
DA:12,1
DA:15,1
LF:11
LH:11
BRF:0
BRH:0
end_of_record
TN:
SF:middleware\admin.js
FN:1,(anonymous_0)
FNF:1
FNH:0
FNDA:0,(anonymous_0)
DA:1,1
DA:2,0
DA:3,0
DA:6,0
LF:4
LH:1
BRDA:2,0,0,0
BRDA:2,0,1,0
BRF:2
BRH:0
end_of_record
TN:
SF:middleware\auth.js
FN:4,auth
FNF:1
FNH:0
FNDA:0,auth
DA:1,1
DA:2,1
DA:4,1
DA:5,0
DA:6,0
DA:7,0
DA:12,0
DA:13,0
DA:14,0
DA:15,0
DA:18,0
LF:11
LH:3
BRDA:6,0,0,0
BRDA:6,0,1,0
BRF:2
BRH:0
end_of_record
TN:
SF:middleware\error.js
FN:3,(anonymous_0)
FNF:1
FNH:0
FNDA:0,(anonymous_0)
DA:1,1
DA:3,1
DA:4,0
DA:5,0
LF:4
LH:2
BRF:0
BRH:0
end_of_record
TN:
SF:models\category.js
FN:14,validateCategory
FNF:1
FNH:1
FNDA:5,validateCategory
DA:1,1
DA:2,1
DA:4,1
DA:15,5
DA:19,5
DA:23,1
DA:25,1
DA:26,1
DA:27,1
LF:9
LH:9
BRF:0
BRH:0
end_of_record
TN:
SF:models\course.js
FN:31,(anonymous_0)
FNF:1
FNH:0
FNDA:0,(anonymous_0)
DA:1,1
DA:2,1
DA:3,1
DA:5,1
DA:31,1
DA:32,0
DA:42,0
DA:45,1
LF:8
LH:6
BRF:0
BRH:0
end_of_record
TN:
SF:models\customer.js
FN:23,validateCustomer
FNF:1
FNH:0
FNDA:0,validateCustomer
DA:1,1
DA:2,1
DA:4,1
DA:24,0
DA:30,0
DA:33,1
DA:35,1
DA:36,1
LF:8
LH:6
BRF:0
BRH:0
end_of_record
TN:
SF:models\enrollment.js
FN:39,validateEnrollment
FNF:1
FNH:0
FNDA:0,validateEnrollment
DA:1,1
DA:2,1
DA:4,1
DA:40,0
DA:45,0
DA:48,1
DA:49,1
LF:7
LH:5
BRF:0
BRH:0
end_of_record
TN:
SF:models\user.js
FN:29,(anonymous_0)
FN:36,validateUser
FNF:2
FNH:1
FNDA:6,(anonymous_0)
FNDA:0,validateUser
DA:1,2
DA:2,2
DA:3,2
DA:4,2
DA:6,2
DA:29,2
DA:30,6
DA:31,6
DA:34,2
DA:37,0
DA:44,0
DA:47,2
DA:48,2
LF:13
LH:11
BRF:0
BRH:0
end_of_record
TN:
SF:router\auth.js
FN:9,(anonymous_0)
FN:27,validate
FNF:2
FNH:0
FNDA:0,(anonymous_0)
FNDA:0,validate
DA:1,1
DA:2,1
DA:3,1
DA:4,1
DA:5,1
DA:6,1
DA:9,1
DA:10,0
DA:11,0
DA:12,0
DA:14,0
DA:15,0
DA:16,0
DA:19,0
DA:20,0
DA:21,0
DA:23,0
DA:24,0
DA:28,0
DA:33,0
DA:35,1
LF:21
LH:8
BRDA:11,0,0,0
BRDA:11,0,1,0
BRDA:15,1,0,0
BRDA:15,1,1,0
BRDA:20,2,0,0
BRDA:20,2,1,0
BRF:6
BRH:0
end_of_record
TN:
SF:router\categories.js
FN:8,(anonymous_0)
FN:17,(anonymous_1)
FN:29,(anonymous_2)
FN:40,(anonymous_3)
FN:58,(anonymous_4)
FNF:5
FNH:3
FNDA:1,(anonymous_0)
FNDA:5,(anonymous_1)
FNDA:3,(anonymous_2)
FNDA:0,(anonymous_3)
FNDA:0,(anonymous_4)
DA:1,1
DA:2,1
DA:3,1
DA:4,1
DA:5,1
DA:6,1
DA:8,1
DA:10,1
DA:11,1
DA:12,0
DA:14,1
DA:17,1
DA:18,5
DA:19,5
DA:21,0
DA:24,0
DA:26,0
DA:29,1
DA:30,3
DA:31,1
DA:33,2
DA:34,2
DA:35,1
DA:37,1
DA:40,1
DA:41,0
DA:42,0
DA:44,0
DA:52,0
DA:53,0
DA:55,0
DA:58,1
DA:59,0
DA:60,0
DA:61,0
DA:63,0
DA:66,1
LF:37
LH:23
BRDA:11,0,0,0
BRDA:11,0,1,1
BRDA:19,1,0,5
BRDA:19,1,1,0
BRDA:30,2,0,1
BRDA:30,2,1,2
BRDA:34,3,0,1
BRDA:34,3,1,1
BRDA:42,4,0,0
BRDA:42,4,1,0
BRDA:52,5,0,0
BRDA:52,5,1,0
BRDA:60,6,0,0
BRDA:60,6,1,0
BRF:14
BRH:6
end_of_record
TN:
SF:router\courses.js
FN:7,(anonymous_0)
FN:12,(anonymous_1)
FN:39,(anonymous_2)
FN:65,(anonymous_3)
FN:73,(anonymous_4)
FNF:5
FNH:0
FNDA:0,(anonymous_0)
FNDA:0,(anonymous_1)
FNDA:0,(anonymous_2)
FNDA:0,(anonymous_3)
FNDA:0,(anonymous_4)
DA:1,1
DA:2,1
DA:3,1
DA:4,1
DA:5,1
DA:7,1
DA:8,0
DA:9,0
DA:12,1
DA:17,0
DA:23,0
DA:33,0
DA:36,0
DA:39,1
DA:40,0
DA:41,0
DA:43,0
DA:44,0
DA:45,0
DA:47,0
DA:59,0
DA:60,0
DA:62,0
DA:65,1
DA:66,0
DA:67,0
DA:68,0
DA:70,0
DA:73,1
DA:74,0
DA:75,0
DA:76,0
DA:78,0
DA:81,1
LF:34
LH:11
BRDA:41,0,0,0
BRDA:41,0,1,0
BRDA:44,1,0,0
BRDA:44,1,1,0
BRDA:59,2,0,0
BRDA:59,2,1,0
BRDA:67,3,0,0
BRDA:67,3,1,0
BRDA:75,4,0,0
BRDA:75,4,1,0
BRF:10
BRH:0
end_of_record
TN:
SF:router\customers.js
FN:5,(anonymous_0)
FN:10,(anonymous_1)
FN:25,(anonymous_2)
FN:33,(anonymous_3)
FN:48,(anonymous_4)
FNF:5
FNH:0
FNDA:0,(anonymous_0)
FNDA:0,(anonymous_1)
FNDA:0,(anonymous_2)
FNDA:0,(anonymous_3)
FNDA:0,(anonymous_4)
DA:1,1
DA:2,1
DA:3,1
DA:5,1
DA:6,0
DA:7,0
DA:10,1
DA:11,0
DA:12,0
DA:13,0
DA:15,0
DA:20,0
DA:22,0
DA:25,1
DA:26,0
DA:27,0
DA:28,0
DA:30,0
DA:33,1
DA:34,0
DA:35,0
DA:36,0
DA:38,0
DA:42,0
DA:43,0
DA:45,0
DA:48,1
DA:49,0
DA:50,0
DA:51,0
DA:53,0
DA:57,1
LF:32
LH:9
BRDA:12,0,0,0
BRDA:12,0,1,0
BRDA:27,1,0,0
BRDA:27,1,1,0
BRDA:35,2,0,0
BRDA:35,2,1,0
BRDA:42,3,0,0
BRDA:42,3,1,0
BRDA:50,4,0,0
BRDA:50,4,1,0
BRF:10
BRH:0
end_of_record
TN:
SF:router\enrollments.js
FN:8,(anonymous_0)
FN:13,(anonymous_1)
FN:48,(anonymous_2)
FNF:3
FNH:0
FNDA:0,(anonymous_0)
FNDA:0,(anonymous_1)
FNDA:0,(anonymous_2)
DA:1,1
DA:2,1
DA:3,1
DA:4,1
DA:5,1
DA:6,1
DA:8,1
DA:9,0
DA:10,0
DA:13,1
DA:14,0
DA:15,0
DA:16,0
DA:18,0
DA:19,0
DA:20,0
DA:22,0
DA:23,0
DA:24,0
DA:26,0
DA:37,0
DA:38,0
DA:40,0
DA:42,0
DA:43,0
DA:45,0
DA:48,1
DA:49,0
DA:51,0
DA:52,0
DA:54,0
DA:57,1
LF:32
LH:10
BRDA:15,0,0,0
BRDA:15,0,1,0
BRDA:19,1,0,0
BRDA:19,1,1,0
BRDA:23,2,0,0
BRDA:23,2,1,0
BRDA:37,3,0,0
BRDA:37,3,1,0
BRDA:51,4,0,0
BRDA:51,4,1,0
BRF:10
BRH:0
end_of_record
TN:
SF:router\users.js
FN:8,(anonymous_0)
FN:15,(anonymous_1)
FNF:2
FNH:0
FNDA:0,(anonymous_0)
FNDA:0,(anonymous_1)
DA:1,1
DA:2,1
DA:3,1
DA:4,1
DA:5,1
DA:6,1
DA:8,1
DA:9,0
DA:10,0
DA:11,0
DA:12,0
DA:15,1
DA:16,0
DA:17,0
DA:18,0
DA:20,0
DA:21,0
DA:22,0
DA:24,0
DA:25,0
DA:26,0
DA:27,0
DA:28,0
DA:31,1
LF:24
LH:9
BRDA:17,0,0,0
BRDA:17,0,1,0
BRDA:21,1,0,0
BRDA:21,1,1,0
BRF:4
BRH:0
end_of_record
TN:
SF:startup\config.js
FN:4,(anonymous_0)
FNF:1
FNH:1
FNDA:1,(anonymous_0)
DA:1,1
DA:2,1
DA:4,1
DA:6,1
DA:7,0
LF:5
LH:4
BRDA:6,0,0,0
BRDA:6,0,1,1
BRF:2
BRH:1
end_of_record
TN:
SF:startup\db.js
FN:5,(anonymous_0)
FN:8,(anonymous_1)
FNF:2
FNH:2
FNDA:1,(anonymous_0)
FNDA:1,(anonymous_1)
DA:1,1
DA:2,1
DA:3,1
DA:5,1
DA:6,1
DA:9,1
LF:6
LH:6
BRF:0
BRH:0
end_of_record
TN:
SF:startup\logging.js
FN:5,(anonymous_0)
FN:22,(anonymous_1)
FNF:2
FNH:1
FNDA:1,(anonymous_0)
FNDA:0,(anonymous_1)
DA:1,1
DA:2,1
DA:3,1
DA:5,1
DA:6,1
DA:7,1
DA:8,1
DA:13,1
DA:22,1
DA:23,0
LF:10
LH:9
BRF:0
BRH:0
end_of_record
TN:
SF:startup\rautes.js
FN:9,(anonymous_0)
FNF:1
FNH:1
FNDA:1,(anonymous_0)
DA:1,1
DA:2,1
DA:3,1
DA:4,1
DA:5,1
DA:6,1
DA:7,1
DA:8,1
DA:9,1
DA:10,1
DA:11,1
DA:12,1
DA:13,1
DA:14,1
DA:15,1
DA:16,1
DA:17,1
LF:17
LH:17
BRF:0
BRH:0
end_of_record
